<?xml version="1.0" encoding="UTF-8"?>
<testsuite name="testClean.EditTest" tests="1" skipped="0" failures="0" errors="0" timestamp="2022-03-08T21:38:00" hostname="SANTIAGO" time="17.313">
  <properties/>
  <testcase name="verifyEditUserNameTodoLy()" classname="testClean.EditTest" time="17.313"/>
  <system-out><![CDATA[]]></system-out>
  <system-err><![CDATA[SLF4J: Failed to load class "org.slf4j.impl.StaticLoggerBinder".
SLF4J: Defaulting to no-operation (NOP) logger implementation
SLF4J: See http://www.slf4j.org/codes.html#StaticLoggerBinder for further details.
Starting ChromeDriver 98.0.4758.102 (273bf7ac8c909cde36982d27f66f3c70846a3718-refs/branch-heads/4758@{#1151}) on port 61309
Only local connections are allowed.
Please see https://chromedriver.chromium.org/security-considerations for suggestions on keeping ChromeDriver safe.
ChromeDriver was started successfully.
[1646775483.433][WARNING]: This version of ChromeDriver has not been tested with Chrome version 99.
mar. 08, 2022 5:38:04 P. M. org.openqa.selenium.remote.ProtocolHandshake createSession
INFORMACIÓN: Detected dialect: W3C
mar. 08, 2022 5:38:04 P. M. org.openqa.selenium.devtools.CdpVersionFinder findNearestMatch
ADVERTENCIA: Unable to find an exact match for CDP version 99, so returning the closest version found: 97
mar. 08, 2022 5:38:04 P. M. org.openqa.selenium.devtools.CdpVersionFinder findNearestMatch
INFORMACIÓN: Found CDP implementation for version 99 of 97
]]></system-err>
</testsuite>
